  aes.c
  aes_ctr.c
  aes_api.c
  file_crypto_api.c
  sha_api.c
  sha.c
C:\Users\bryan\Desktop\o\school\2_2\secure sw\secure sw\secure sw\sha\sorce\sha.c(202,26): warning C4267: '초기화 중': 'size_t'에서 'int'(으)로 변환하면서 데이터가 손실될 수 있습니다.
  aes_test.c
C:\Users\bryan\Desktop\o\school\2_2\secure sw\secure sw\secure sw\test\aes_test.c(30,16): warning C4566: 유니버설 문자 이름 '\u2713'(으)로 표현되는 문자는 현재 코드 페이지(949)에서 표현할 수 없습니다.
C:\Users\bryan\Desktop\o\school\2_2\secure sw\secure sw\secure sw\test\aes_test.c(32,16): warning C4566: 유니버설 문자 이름 '\u2717'(으)로 표현되는 문자는 현재 코드 페이지(949)에서 표현할 수 없습니다.
C:\Users\bryan\Desktop\o\school\2_2\secure sw\secure sw\secure sw\test\aes_test.c(90,16): warning C4566: 유니버설 문자 이름 '\u2713'(으)로 표현되는 문자는 현재 코드 페이지(949)에서 표현할 수 없습니다.
C:\Users\bryan\Desktop\o\school\2_2\secure sw\secure sw\secure sw\test\aes_test.c(92,16): warning C4566: 유니버설 문자 이름 '\u2717'(으)로 표현되는 문자는 현재 코드 페이지(949)에서 표현할 수 없습니다.
C:\Users\bryan\Desktop\o\school\2_2\secure sw\secure sw\secure sw\test\aes_test.c(115,16): warning C4566: 유니버설 문자 이름 '\u2713'(으)로 표현되는 문자는 현재 코드 페이지(949)에서 표현할 수 없습니다.
C:\Users\bryan\Desktop\o\school\2_2\secure sw\secure sw\secure sw\test\aes_test.c(117,16): warning C4566: 유니버설 문자 이름 '\u2717'(으)로 표현되는 문자는 현재 코드 페이지(949)에서 표현할 수 없습니다.
C:\Users\bryan\Desktop\o\school\2_2\secure sw\secure sw\secure sw\test\aes_test.c(176,16): warning C4566: 유니버설 문자 이름 '\u2713'(으)로 표현되는 문자는 현재 코드 페이지(949)에서 표현할 수 없습니다.
C:\Users\bryan\Desktop\o\school\2_2\secure sw\secure sw\secure sw\test\aes_test.c(178,16): warning C4566: 유니버설 문자 이름 '\u2717'(으)로 표현되는 문자는 현재 코드 페이지(949)에서 표현할 수 없습니다.
C:\Users\bryan\Desktop\o\school\2_2\secure sw\secure sw\secure sw\test\aes_test.c(201,16): warning C4566: 유니버설 문자 이름 '\u2713'(으)로 표현되는 문자는 현재 코드 페이지(949)에서 표현할 수 없습니다.
C:\Users\bryan\Desktop\o\school\2_2\secure sw\secure sw\secure sw\test\aes_test.c(203,16): warning C4566: 유니버설 문자 이름 '\u2717'(으)로 표현되는 문자는 현재 코드 페이지(949)에서 표현할 수 없습니다.
C:\Users\bryan\Desktop\o\school\2_2\secure sw\secure sw\secure sw\test\aes_test.c(263,16): warning C4566: 유니버설 문자 이름 '\u2713'(으)로 표현되는 문자는 현재 코드 페이지(949)에서 표현할 수 없습니다.
C:\Users\bryan\Desktop\o\school\2_2\secure sw\secure sw\secure sw\test\aes_test.c(265,16): warning C4566: 유니버설 문자 이름 '\u2717'(으)로 표현되는 문자는 현재 코드 페이지(949)에서 표현할 수 없습니다.
C:\Users\bryan\Desktop\o\school\2_2\secure sw\secure sw\secure sw\test\aes_test.c(288,16): warning C4566: 유니버설 문자 이름 '\u2713'(으)로 표현되는 문자는 현재 코드 페이지(949)에서 표현할 수 없습니다.
C:\Users\bryan\Desktop\o\school\2_2\secure sw\secure sw\secure sw\test\aes_test.c(290,16): warning C4566: 유니버설 문자 이름 '\u2717'(으)로 표현되는 문자는 현재 코드 페이지(949)에서 표현할 수 없습니다.
C:\Users\bryan\Desktop\o\school\2_2\secure sw\secure sw\secure sw\test\aes_test.c(357,16): warning C4566: 유니버설 문자 이름 '\u2713'(으)로 표현되는 문자는 현재 코드 페이지(949)에서 표현할 수 없습니다.
C:\Users\bryan\Desktop\o\school\2_2\secure sw\secure sw\secure sw\test\aes_test.c(359,16): warning C4566: 유니버설 문자 이름 '\u2717'(으)로 표현되는 문자는 현재 코드 페이지(949)에서 표현할 수 없습니다.
C:\Users\bryan\Desktop\o\school\2_2\secure sw\secure sw\secure sw\test\aes_test.c(427,16): warning C4566: 유니버설 문자 이름 '\u2713'(으)로 표현되는 문자는 현재 코드 페이지(949)에서 표현할 수 없습니다.
C:\Users\bryan\Desktop\o\school\2_2\secure sw\secure sw\secure sw\test\aes_test.c(429,16): warning C4566: 유니버설 문자 이름 '\u2717'(으)로 표현되는 문자는 현재 코드 페이지(949)에서 표현할 수 없습니다.
C:\Users\bryan\Desktop\o\school\2_2\secure sw\secure sw\secure sw\test\aes_test.c(498,16): warning C4566: 유니버설 문자 이름 '\u2713'(으)로 표현되는 문자는 현재 코드 페이지(949)에서 표현할 수 없습니다.
C:\Users\bryan\Desktop\o\school\2_2\secure sw\secure sw\secure sw\test\aes_test.c(500,16): warning C4566: 유니버설 문자 이름 '\u2717'(으)로 표현되는 문자는 현재 코드 페이지(949)에서 표현할 수 없습니다.
  print.c
  sha_test.c
  코드를 생성하고 있습니다.
  0 of 30 functions ( 0.0%) were compiled, the rest were copied from previous compilation.
    0 functions were new in current compilation
    0 functions had inline decision re-evaluated but remain unchanged
  코드를 생성했습니다.
  secure sw.vcxproj -> C:\Users\bryan\Desktop\o\school\2_2\secure sw\secure sw\x64\Release\secure sw.exe
